android/app/build/outputs/logs/manifest-merger-release-report.txt
-- Merging decision tree log ---
application
INJECTED from src\main\AndroidManifest.xml:10:5-48:19
INJECTED from src\main\AndroidManifest.xml:10:5-48:19
MERGED from [:firebase_auth] AndroidManifest.xml:7:5-13:19
MERGED from [:firebase_auth] AndroidManifest.xml:7:5-13:19
MERGED from [:firebase_core] AndroidManifest.xml:7:5-13:19
MERGED from [:firebase_core] AndroidManifest.xml:7:5-13:19
MERGED from [:image_picker_android] AndroidManifest.xml:8:5-32:19
MERGED from [:image_picker_android] AndroidManifest.xml:8:5-32:19
MERGED from [:open_filex] AndroidManifest.xml:15:5-26:19
MERGED from [:open_filex] AndroidManifest.xml:15:5-26:19
MERGED from [:url_launcher_android] AndroidManifest.xml:7:5-12:19
MERGED from [:url_launcher_android] AndroidManifest.xml:7:5-12:19
MERGED from [androidx.window:window:1.2.0] AndroidManifest.xml:22:5-29:19
MERGED from [androidx.window:window:1.2.0] AndroidManifest.xml:22:5-29:19
MERGED from [com.stripe:paymentsheet:20.52.3] AndroidManifest.xml:7:5-43:19
MERGED from [com.stripe:paymentsheet:20.52.3] AndroidManifest.xml:7:5-43:19
MERGED from [com.stripe:link:20.52.3] AndroidManifest.xml:7:5-38:19
MERGED from [com.stripe:link:20.52.3] AndroidManifest.xml:7:5-38:19
MERGED from [com.stripe:payments-ui-core:20.52.3] AndroidManifest.xml:7:5-12:19
MERGED from [com.stripe:payments-ui-core:20.52.3] AndroidManifest.xml:7:5-12:19
MERGED from [com.stripe:payments-core:20.52.3] AndroidManifest.xml:14:5-83:19
MERGED from [com.stripe:payments-core:20.52.3] AndroidManifest.xml:14:5-83:19
MERGED from [com.stripe:stripe-3ds2-android:6.1.8] AndroidManifest.xml:7:5-12:19
MERGED from [com.stripe:stripe-3ds2-android:6.1.8] AndroidManifest.xml:7:5-12:19
MERGED from [com.google.android.material:material:1.11.0] AndroidManifest.xml:22:5-20
MERGED from [com.google.android.material:material:1.11.0] AndroidManifest.xml:22:5-20
MERGED from [com.stripe:financial-connections:20.52.3] AndroidManifest.xml:20:5-75:19
MERGED from [com.stripe:financial-connections:20.52.3] AndroidManifest.xml:20:5-75:19
MERGED from [androidx.work:work-runtime:2.9.0] AndroidManifest.xml:28:5-143:19
MERGED from [androidx.work:work-runtime:2.9.0] AndroidManifest.xml:28:5-143:19
MERGED from [androidx.constraintlayout:constraintlayout:2.1.4] AndroidManifest.xml:9:5-20
MERGED from [androidx.constraintlayout:constraintlayout:2.1.4] AndroidManifest.xml:9:5-20
MERGED from [com.google.firebase:firebase-auth:23.2.0] AndroidManifest.xml:28:5-73:19
MERGED from [com.google.firebase:firebase-auth:23.2.0] AndroidManifest.xml:28:5-73:19
MERGED from [androidx.credentials:credentials-play-services-auth:1.2.0-rc01] AndroidManifest.xml:23:5-42:19
MERGED from [androidx.credentials:credentials-play-services-auth:1.2.0-rc01] AndroidManifest.xml:23:5-42:19
MERGED from [com.google.android.gms:play-services-auth:21.0.0] AndroidManifest.xml:22:5-38:19
MERGED from [com.google.android.gms:play-services-auth:21.0.0] AndroidManifest.xml:22:5-38:19
MERGED from [com.github.bumptech.glide:glide:4.12.0] AndroidManifest.xml:10:5-20
MERGED from [com.github.bumptech.glide:glide:4.12.0] AndroidManifest.xml:10:5-20
MERGED from [com.google.firebase:firebase-analytics:22.4.0] AndroidManifest.xml:7:5-20
MERGED from [com.google.firebase:firebase-analytics:22.4.0] AndroidManifest.xml:7:5-20
MERGED from [com.google.android.gms:play-services-measurement-api:22.4.0] AndroidManifest.xml:29:5-37:19
MERGED from [com.google.android.gms:play-services-measurement-api:22.4.0] AndroidManifest.xml:29:5-37:19
MERGED from [com.google.firebase:firebase-auth-interop:20.0.0] AndroidManifest.xml:7:5-8:19
MERGED from [com.google.firebase:firebase-auth-interop:20.0.0] AndroidManifest.xml:7:5-8:19
MERGED from [com.google.firebase:firebase-installations:18.0.0] AndroidManifest.xml:11:5-22:19
MERGED from [com.google.firebase:firebase-installations:18.0.0] AndroidManifest.xml:11:5-22:19
MERGED from [com.google.firebase:firebase-common-ktx:21.0.0] AndroidManifest.xml:8:5-16:19
MERGED from [com.google.firebase:firebase-common-ktx:21.0.0] AndroidManifest.xml:8:5-16:19
MERGED from [com.google.firebase:firebase-common:21.0.0] AndroidManifest.xml:22:5-39:19
MERGED from [com.google.firebase:firebase-common:21.0.0] AndroidManifest.xml:22:5-39:19
MERGED from [com.google.android.gms:play-services-measurement:22.4.0] AndroidManifest.xml:28:5-44:19
MERGED from [com.google.android.gms:play-services-measurement:22.4.0] AndroidManifest.xml:28:5-44:19
MERGED from [com.google.android.gms:play-services-measurement-sdk:22.4.0] AndroidManifest.xml:22:5-23:19
MERGED from [com.google.android.gms:play-services-measurement-sdk:22.4.0] AndroidManifest.xml:22:5-23:19
MERGED from [com.google.android.play:integrity:1.3.0] AndroidManifest.xml:5:5-6:19
MERGED from [com.google.android.play:integrity:1.3.0] AndroidManifest.xml:5:5-6:19
MERGED from [com.google.firebase:firebase-appcheck-interop:17.0.0] AndroidManifest.xml:23:5-20
MERGED from [com.google.firebase:firebase-appcheck-interop:17.0.0] AndroidManifest.xml:23:5-20
MERGED from [com.google.android.gms:play-services-measurement-impl:22.4.0] AndroidManifest.xml:29:5-30:19
MERGED from [com.google.android.gms:play-services-measurement-impl:22.4.0] AndroidManifest.xml:29:5-30:19
MERGED from [com.google.android.gms:play-services-fido:20.1.0] AndroidManifest.xml:7:5-8:19
MERGED from [com.google.android.gms:play-services-fido:20.1.0] AndroidManifest.xml:7:5-8:19
MERGED from [com.google.android.gms:play-services-stats:17.0.2] AndroidManifest.xml:7:5-20
MERGED from [com.google.android.gms:play-services-stats:17.0.2] AndroidManifest.xml:7:5-20
MERGED from [androidx.privacysandbox.ads:ads-adservices:1.1.0-beta11] AndroidManifest.xml:22:5-26:19
MERGED from [androidx.privacysandbox.ads:ads-adservices:1.1.0-beta11] AndroidManifest.xml:22:5-26:19
MERGED from [com.google.android.gms:play-services-identity:18.0.1] AndroidManifest.xml:22:5-20
MERGED from [com.google.android.gms:play-services-identity:18.0.1] AndroidManifest.xml:22:5-20
MERGED from [com.google.android.gms:play-services-maps:18.0.2] AndroidManifest.xml:36:5-42:19
MERGED from [com.google.android.gms:play-services-maps:18.0.2] AndroidManifest.xml:36:5-42:19
MERGED from [com.google.android.gms:play-services-base:18.5.0] AndroidManifest.xml:4:5-6:19
MERGED from [com.google.android.gms:play-services-base:18.5.0] AndroidManifest.xml:4:5-6:19
MERGED from [com.google.android.gms:play-services-tasks:18.2.0] AndroidManifest.xml:4:5-20
MERGED from [com.google.android.gms:play-services-tasks:18.2.0] AndroidManifest.xml:4:5-20
MERGED from [com.google.android.gms:play-services-ads-identifier:18.0.0] AndroidManifest.xml:25:5-20
MERGED from [com.google.android.gms:play-services-ads-identifier:18.0.0] AndroidManifest.xml:25:5-20
MERGED from [com.google.android.gms:play-services-measurement-base:22.4.0] AndroidManifest.xml:7:5-20
MERGED from [com.google.android.gms:play-services-measurement-base:22.4.0] AndroidManifest.xml:7:5-20
MERGED from [com.google.firebase:firebase-measurement-connector:19.0.0] AndroidManifest.xml:22:5-23:19
MERGED from [com.google.firebase:firebase-measurement-connector:19.0.0] AndroidManifest.xml:22:5-23:19
MERGED from [com.google.android.gms:play-services-basement:18.5.0] AndroidManifest.xml:20:5-24:19
MERGED from [com.google.android.gms:play-services-basement:18.5.0] AndroidManifest.xml:20:5-24:19
MERGED from [androidx.emoji2:emoji2:1.4.0] AndroidManifest.xml:23:5-33:19
MERGED from [androidx.emoji2:emoji2:1.4.0] AndroidManifest.xml:23:5-33:19
MERGED from [androidx.core:core:1.13.1] AndroidManifest.xml:28:5-89
MERGED from [androidx.core:core:1.13.1] AndroidManifest.xml:28:5-89
MERGED from [androidx.lifecycle:lifecycle-process:2.7.0] AndroidManifest.xml:23:5-33:19
MERGED from [androidx.lifecycle:lifecycle-process:2.7.0] AndroidManifest.xml:23:5-33:19
MERGED from [androidx.room:room-runtime:2.5.0] AndroidManifest.xml:23:5-29:19
MERGED from [androidx.room:room-runtime:2.5.0] AndroidManifest.xml:23:5-29:19
MERGED from [androidx.versionedparcelable:versionedparcelable:1.1.1] AndroidManifest.xml:24:5-25:19
MERGED from [androidx.versionedparcelable:versionedparcelable:1.1.1] AndroidManifest.xml:24:5-25:19
MERGED from [androidx.profileinstaller:profileinstaller:1.3.1] AndroidManifest.xml:23:5-53:19
MERGED from [androidx.profileinstaller:profileinstaller:1.3.1] AndroidManifest.xml:23:5-53:19
MERGED from [androidx.startup:startup-runtime:1.1.1] AndroidManifest.xml:25:5-31:19
MERGED from [androidx.startup:startup-runtime:1.1.1] AndroidManifest.xml:25:5-31:19
MERGED from [com.github.bumptech.glide:gifdecoder:4.12.0] AndroidManifest.xml:9:5-20
MERGED from [com.github.bumptech.glide:gifdecoder:4.12.0] AndroidManifest.xml:9:5-20
MERGED from [io.agora.rtc:full-screen-sharing:4.5.1] AndroidManifest.xml:10:5-20:19
MERGED from [io.agora.rtc:full-screen-sharing:4.5.1] AndroidManifest.xml:10:5-20:19
MERGED from [com.google.android.play:core-common:2.0.3] AndroidManifest.xml:11:5-19:19
MERGED from [com.google.android.play:core-common:2.0.3] AndroidManifest.xml:11:5-19:19
MERGED from [com.google.android.instantapps:instantapps:1.1.0] AndroidManifest.xml:9:5-13:19
MERGED from [com.google.android.instantapps:instantapps:1.1.0] AndroidManifest.xml:9:5-13:19
	android:extractNativeLibs
		INJECTED from src\main\AndroidManifest.xml
	android:appComponentFactory
		ADDED from [androidx.core:core:1.13.1] AndroidManifest.xml:28:18-86
	android:label
		ADDED from src\main\AndroidManifest.xml:11:9-37
	android:icon
		ADDED from src\main\AndroidManifest.xml:16:9-43
	android:enableOnBackInvokedCallback
		ADDED from src\main\AndroidManifest.xml:13:9-51
	android:usesCleartextTraffic
		ADDED from src\main\AndroidManifest.xml:14:9-44
	android:name
		INJECTED from src\main\AndroidManifest.xml
		ADDED from src\main\AndroidManifest.xml:12:9-42
manifest
ADDED from src\main\AndroidManifest.xml:1:1-60:12
INJECTED from src\main\AndroidManifest.xml:1:1-60:12
INJECTED from src\main\AndroidManifest.xml:1:1-60:12
INJECTED from src\main\AndroidManifest.xml:1:1-60:12
MERGED from [:agora_uikit] AndroidManifest.xml:2:1-7:12
MERGED from [:agora_rtc_engine] AndroidManifest.xml:2:1-21:12
MERGED from [:agora_rtm] AndroidManifest.xml:2:1-11:12
MERGED from [:firebase_auth] AndroidManifest.xml:2:1-15:12
MERGED from [:firebase_core] AndroidManifest.xml:2:1-15:12
MERGED from [:image_picker_android] AndroidManifest.xml:2:1-34:12
MERGED from [:flutter_plugin_android_lifecycle] AndroidManifest.xml:2:1-7:12
MERGED from [:google_sign_in_android] AndroidManifest.xml:2:1-9:12
MERGED from [:iris_method_channel] AndroidManifest.xml:2:1-7:12
MERGED from [:open_filex] AndroidManifest.xml:2:1-28:12
MERGED from [:path_provider_android] AndroidManifest.xml:2:1-7:12
MERGED from [:permission_handler_android] AndroidManifest.xml:2:1-7:12
MERGED from [:shared_preferences_android] AndroidManifest.xml:2:1-7:12
MERGED from [:stripe_android] AndroidManifest.xml:2:1-7:12
MERGED from [:url_launcher_android] AndroidManifest.xml:2:1-14:12
MERGED from [androidx.window:window-java:1.2.0] AndroidManifest.xml:17:1-21:12
MERGED from [androidx.preference:preference:1.2.1] AndroidManifest.xml:17:1-24:12
MERGED from [androidx.legacy:legacy-support-v4:1.0.0] AndroidManifest.xml:17:1-22:12
MERGED from [androidx.legacy:legacy-support-core-ui:1.0.0] AndroidManifest.xml:17:1-22:12
MERGED from [androidx.slidingpanelayout:slidingpanelayout:1.2.0] AndroidManifest.xml:17:1-24:12
MERGED from [androidx.window:window:1.2.0] AndroidManifest.xml:17:1-31:12
MERGED from [com.stripe:stripe-android:20.52.3] AndroidManifest.xml:2:1-7:12
MERGED from [com.stripe:paymentsheet:20.52.3] AndroidManifest.xml:2:1-45:12
MERGED from [com.stripe:link:20.52.3] AndroidManifest.xml:2:1-40:12
MERGED from [com.stripe:payments-ui-core:20.52.3] AndroidManifest.xml:2:1-14:12
MERGED from [com.stripe:payments-core:20.52.3] AndroidManifest.xml:2:1-85:12
MERGED from [com.stripe:stripe-3ds2-android:6.1.8] AndroidManifest.xml:2:1-14:12
MERGED from [com.google.accompanist:accompanist-themeadapter-appcompat:0.32.0] AndroidManifest.xml:17:1-23:12
MERGED from [com.google.accompanist:accompanist-themeadapter-material:0.32.0] AndroidManifest.xml:17:1-23:12
MERGED from [com.google.accompanist:accompanist-themeadapter-material3:0.32.0] AndroidManifest.xml:17:1-23:12
MERGED from [com.google.accompanist:accompanist-themeadapter-core:0.32.0] AndroidManifest.xml:17:1-23:12
MERGED from [com.google.android.material:material:1.11.0] AndroidManifest.xml:17:1-24:12
MERGED from [com.stripe:financial-connections:20.52.3] AndroidManifest.xml:2:1-77:12
MERGED from [androidx.work:work-runtime-ktx:2.9.0] AndroidManifest.xml:17:1-22:12
MERGED from [androidx.work:work-runtime:2.9.0] AndroidManifest.xml:17:1-145:12
MERGED from [androidx.appcompat:appcompat-resources:1.6.1] AndroidManifest.xml:17:1-22:12
MERGED from [com.stripe:payments-model:20.52.3] AndroidManifest.xml:2:1-7:12
MERGED from [androidx.constraintlayout:constraintlayout:2.1.4] AndroidManifest.xml:2:1-11:12
MERGED from [com.stripe:hcaptcha:20.52.3] AndroidManifest.xml:2:1-7:12
MERGED from [androidx.appcompat:appcompat:1.6.1] AndroidManifest.xml:17:1-22:12
MERGED from [com.google.firebase:firebase-auth:23.2.0] AndroidManifest.xml:17:1-75:12
MERGED from [androidx.credentials:credentials:1.2.0-rc01] AndroidManifest.xml:2:1-7:12
MERGED from [androidx.credentials:credentials-play-services-auth:1.2.0-rc01] AndroidManifest.xml:17:1-44:12
MERGED from [com.google.android.gms:play-services-auth:21.0.0] AndroidManifest.xml:17:1-40:12
MERGED from [com.github.bumptech.glide:glide:4.12.0] AndroidManifest.xml:2:1-12:12
MERGED from [com.google.firebase:firebase-analytics:22.4.0] AndroidManifest.xml:2:1-9:12
MERGED from [com.google.android.gms:play-services-measurement-api:22.4.0] AndroidManifest.xml:17:1-39:12
MERGED from [com.google.firebase:firebase-auth-interop:20.0.0] AndroidManifest.xml:2:1-10:12
MERGED from [com.google.firebase:firebase-installations:18.0.0] AndroidManifest.xml:2:1-24:12
MERGED from [com.google.firebase:firebase-common-ktx:21.0.0] AndroidManifest.xml:2:1-18:12
MERGED from [com.google.firebase:firebase-common:21.0.0] AndroidManifest.xml:15:1-41:12
MERGED from [com.google.android.gms:play-services-measurement:22.4.0] AndroidManifest.xml:17:1-46:12
MERGED from [com.google.android.gms:play-services-measurement-sdk:22.4.0] AndroidManifest.xml:17:1-25:12
MERGED from [com.google.android.gms:play-services-auth-api-phone:18.0.2] AndroidManifest.xml:2:1-7:12
MERGED from [com.google.android.recaptcha:recaptcha:18.6.1] AndroidManifest.xml:2:1-11:12
MERGED from [com.google.android.play:integrity:1.3.0] AndroidManifest.xml:2:1-7:12
MERGED from [com.google.firebase:firebase-appcheck-interop:17.0.0] AndroidManifest.xml:15:1-25:12
MERGED from [com.google.android.gms:play-services-auth-base:18.0.10] AndroidManifest.xml:2:1-7:12
MERGED from [com.google.android.gms:play-services-measurement-impl:22.4.0] AndroidManifest.xml:17:1-32:12
MERGED from [com.google.android.gms:play-services-fido:20.1.0] AndroidManifest.xml:2:1-10:12
MERGED from [androidx.datastore:datastore-core-android:1.1.3] AndroidManifest.xml:2:1-7:12
MERGED from [androidx.datastore:datastore-preferences-android:1.1.3] AndroidManifest.xml:17:1-22:12
MERGED from [androidx.datastore:datastore-android:1.1.3] AndroidManifest.xml:17:1-22:12
MERGED from [com.stripe:stripe-ui-core:20.52.3] AndroidManifest.xml:2:1-7:12
MERGED from [com.stripe:stripe-core:20.52.3] AndroidManifest.xml:2:1-9:12
MERGED from [com.google.android.gms:play-services-stats:17.0.2] AndroidManifest.xml:2:1-9:12
MERGED from [androidx.dynamicanimation:dynamicanimation:1.0.0] AndroidManifest.xml:17:1-22:12
MERGED from [androidx.legacy:legacy-support-core-utils:1.0.0] AndroidManifest.xml:17:1-22:12
MERGED from [androidx.loader:loader:1.1.0] AndroidManifest.xml:17:1-24:12
MERGED from [androidx.navigation:navigation-common:2.7.6] AndroidManifest.xml:17:1-22:12
MERGED from [androidx.navigation:navigation-runtime:2.7.6] AndroidManifest.xml:17:1-22:12
MERGED from [androidx.navigation:navigation-common-ktx:2.7.6] AndroidManifest.xml:2:1-7:12
MERGED from [androidx.navigation:navigation-runtime-ktx:2.7.6] AndroidManifest.xml:2:1-7:12
MERGED from [androidx.navigation:navigation-compose:2.7.6] AndroidManifest.xml:2:1-7:12
MERGED from [androidx.activity:activity-ktx:1.9.3] AndroidManifest.xml:2:1-7:12
MERGED from [androidx.activity:activity-compose:1.9.3] AndroidManifest.xml:2:1-7:12
MERGED from [com.google.accompanist:accompanist-systemuicontroller:0.32.0] AndroidManifest.xml:17:1-23:12
MERGED from [com.google.pay.button:compose-pay-button:0.1.3] AndroidManifest.xml:2:1-7:12
MERGED from [androidx.compose.material3:material3:1.0.1] AndroidManifest.xml:17:1-22:12
MERGED from [androidx.compose.material:material-ripple-android:1.5.4] AndroidManifest.xml:2:1-7:12
MERGED from [androidx.compose.material:material-icons-core-android:1.5.4] AndroidManifest.xml:2:1-7:12
MERGED from [androidx.compose.material:material-android:1.5.4] AndroidManifest.xml:2:1-7:12
MERGED from [com.google.accompanist:accompanist-flowlayout:0.32.0] AndroidManifest.xml:17:1-23:12
MERGED from [androidx.compose.animation:animation-core-android:1.5.4] AndroidManifest.xml:2:1-7:12
MERGED from [androidx.compose.animation:animation-android:1.5.4] AndroidManifest.xml:2:1-7:12
MERGED from [androidx.compose.foundation:foundation-layout-android:1.5.4] AndroidManifest.xml:2:1-7:12
MERGED from [androidx.compose.foundation:foundation-android:1.5.4] AndroidManifest.xml:2:1-7:12
MERGED from [androidx.compose.ui:ui-unit-android:1.5.4] AndroidManifest.xml:2:1-7:12
MERGED from [androidx.compose.ui:ui-graphics-android:1.5.4] AndroidManifest.xml:2:1-7:12
MERGED from [androidx.compose.ui:ui-geometry-android:1.5.4] AndroidManifest.xml:2:1-7:12
MERGED from [androidx.compose.ui:ui-text-android:1.5.4] AndroidManifest.xml:2:1-7:12
MERGED from [androidx.compose.ui:ui-util-android:1.5.4] AndroidManifest.xml:2:1-7:12
MERGED from [androidx.compose.ui:ui-tooling-preview-android:1.5.4] AndroidManifest.xml:17:1-22:12
MERGED from [androidx.compose.runtime:runtime-saveable-android:1.5.4] AndroidManifest.xml:2:1-7:12
MERGED from [androidx.compose.runtime:runtime-android:1.5.4] AndroidManifest.xml:2:1-7:12
MERGED from [androidx.compose.runtime:runtime-livedata:1.5.4] AndroidManifest.xml:2:1-7:12
MERGED from [androidx.compose.ui:ui-android:1.5.4] AndroidManifest.xml:2:1-7:12
MERGED from [androidx.compose.ui:ui-viewbinding:1.5.4] AndroidManifest.xml:2:1-7:12
MERGED from [androidx.fragment:fragment-ktx:1.7.1] AndroidManifest.xml:2:1-7:12
MERGED from [androidx.lifecycle:lifecycle-livedata-ktx:2.7.0] AndroidManifest.xml:2:1-7:12
MERGED from [androidx.lifecycle:lifecycle-livedata-core-ktx:2.7.0] AndroidManifest.xml:2:1-7:12
MERGED from [androidx.lifecycle:lifecycle-viewmodel-compose:2.7.0] AndroidManifest.xml:2:1-7:12
MERGED from [androidx.lifecycle:lifecycle-livedata-core:2.7.0] AndroidManifest.xml:17:1-22:12
MERGED from [androidx.lifecycle:lifecycle-viewmodel:2.7.0] AndroidManifest.xml:17:1-22:12
MERGED from [androidx.lifecycle:lifecycle-service:2.7.0] AndroidManifest.xml:2:1-7:12
MERGED from [androidx.lifecycle:lifecycle-viewmodel-ktx:2.7.0] AndroidManifest.xml:2:1-7:12
MERGED from [androidx.lifecycle:lifecycle-viewmodel-savedstate:2.7.0] AndroidManifest.xml:17:1-22:12
MERGED from [androidx.lifecycle:lifecycle-runtime-ktx:2.7.0] AndroidManifest.xml:17:1-22:12
MERGED from [androidx.lifecycle:lifecycle-livedata:2.7.0] AndroidManifest.xml:17:1-22:12
MERGED from [androidx.privacysandbox.ads:ads-adservices-java:1.1.0-beta11] AndroidManifest.xml:2:1-7:12
MERGED from [androidx.privacysandbox.ads:ads-adservices:1.1.0-beta11] AndroidManifest.xml:17:1-28:12
MERGED from [com.google.android.gms:play-services-wallet:19.3.0] AndroidManifest.xml:17:1-22:12
MERGED from [com.google.android.gms:play-services-identity:18.0.1] AndroidManifest.xml:17:1-24:12
MERGED from [com.google.android.gms:play-services-maps:18.0.2] AndroidManifest.xml:17:1-44:12
MERGED from [com.google.android.gms:play-services-base:18.5.0] AndroidManifest.xml:2:1-7:12
MERGED from [com.google.firebase:firebase-installations-interop:17.1.1] AndroidManifest.xml:15:1-19:12
MERGED from [com.google.android.gms:play-services-tasks:18.2.0] AndroidManifest.xml:2:1-5:12
MERGED from [com.google.android.gms:play-services-ads-identifier:18.0.0] AndroidManifest.xml:17:1-27:12
MERGED from [com.google.android.gms:play-services-measurement-sdk-api:22.4.0] AndroidManifest.xml:17:1-30:12
MERGED from [com.google.android.gms:play-services-measurement-base:22.4.0] AndroidManifest.xml:2:1-9:12
MERGED from [com.google.firebase:firebase-measurement-connector:19.0.0] AndroidManifest.xml:17:1-25:12
MERGED from [com.google.android.gms:play-services-basement:18.5.0] AndroidManifest.xml:16:1-26:12
MERGED from [androidx.recyclerview:recyclerview:1.3.2] AndroidManifest.xml:17:1-22:12
MERGED from [androidx.viewpager2:viewpager2:1.1.0-beta02] AndroidManifest.xml:2:1-7:12
MERGED from [androidx.fragment:fragment:1.7.1] AndroidManifest.xml:2:1-7:12
MERGED from [androidx.activity:activity:1.9.3] AndroidManifest.xml:17:1-22:12
MERGED from [androidx.browser:browser:1.8.0] AndroidManifest.xml:2:1-7:12
MERGED from [androidx.vectordrawable:vectordrawable-animated:1.1.0] AndroidManifest.xml:17:1-24:12
MERGED from [androidx.vectordrawable:vectordrawable:1.1.0] AndroidManifest.xml:17:1-24:12
MERGED from [androidx.media:media:1.0.0] AndroidManifest.xml:17:1-22:12
MERGED from [androidx.viewpager:viewpager:1.0.0] AndroidManifest.xml:17:1-22:12
MERGED from [androidx.customview:customview-poolingcontainer:1.0.0] AndroidManifest.xml:17:1-23:12
MERGED from [androidx.core:core-ktx:1.13.1] AndroidManifest.xml:2:1-7:12
MERGED from [androidx.transition:transition:1.4.1] AndroidManifest.xml:17:1-24:12
MERGED from [androidx.coordinatorlayout:coordinatorlayout:1.1.0] AndroidManifest.xml:17:1-24:12
MERGED from [androidx.drawerlayout:drawerlayout:1.1.1] AndroidManifest.xml:17:1-24:12
MERGED from [androidx.customview:customview:1.1.0] AndroidManifest.xml:17:1-24:12
MERGED from [androidx.swiperefreshlayout:swiperefreshlayout:1.0.0] AndroidManifest.xml:17:1-22:12
MERGED from [androidx.asynclayoutinflater:asynclayoutinflater:1.0.0] AndroidManifest.xml:17:1-22:12
MERGED from [androidx.emoji2:emoji2-views-helper:1.4.0] AndroidManifest.xml:2:1-7:12
MERGED from [androidx.emoji2:emoji2:1.4.0] AndroidManifest.xml:17:1-35:12
MERGED from [androidx.autofill:autofill:1.0.0] AndroidManifest.xml:17:1-24:12
MERGED from [androidx.core:core:1.13.1] AndroidManifest.xml:17:1-30:12
MERGED from [androidx.lifecycle:lifecycle-runtime:2.7.0] AndroidManifest.xml:2:1-7:12
MERGED from [androidx.lifecycle:lifecycle-process:2.7.0] AndroidManifest.xml:17:1-35:12
MERGED from [androidx.savedstate:savedstate-ktx:1.2.1] AndroidManifest.xml:17:1-22:12
MERGED from [androidx.savedstate:savedstate:1.2.1] AndroidManifest.xml:17:1-22:12
MERGED from [androidx.room:room-ktx:2.5.0] AndroidManifest.xml:17:1-22:12
MERGED from [com.google.android.libraries.identity.googleid:googleid:1.1.0] AndroidManifest.xml:2:1-7:12
MERGED from [androidx.room:room-runtime:2.5.0] AndroidManifest.xml:17:1-31:12
MERGED from [androidx.window.extensions.core:core:1.0.0] AndroidManifest.xml:2:1-7:12
MERGED from [androidx.exifinterface:exifinterface:1.3.7] AndroidManifest.xml:17:1-24:12
MERGED from [androidx.versionedparcelable:versionedparcelable:1.1.1] AndroidManifest.xml:17:1-27:12
MERGED from [androidx.profileinstaller:profileinstaller:1.3.1] AndroidManifest.xml:17:1-55:12
MERGED from [androidx.startup:startup-runtime:1.1.1] AndroidManifest.xml:17:1-33:12
MERGED from [androidx.tracing:tracing:1.2.0] AndroidManifest.xml:17:1-22:12
MERGED from [androidx.localbroadcastmanager:localbroadcastmanager:1.0.0] AndroidManifest.xml:17:1-22:12
MERGED from [com.google.firebase:firebase-components:18.0.0] AndroidManifest.xml:15:1-20:12
MERGED from [androidx.interpolator:interpolator:1.0.0] AndroidManifest.xml:17:1-22:12
MERGED from [androidx.cursoradapter:cursoradapter:1.0.0] AndroidManifest.xml:17:1-22:12
MERGED from [com.github.bumptech.glide:gifdecoder:4.12.0] AndroidManifest.xml:2:1-11:12
MERGED from [androidx.sqlite:sqlite-framework:2.3.0] AndroidManifest.xml:17:1-22:12
MERGED from [androidx.arch.core:core-runtime:2.2.0] AndroidManifest.xml:17:1-22:12
MERGED from [androidx.databinding:viewbinding:8.5.2] AndroidManifest.xml:2:1-7:12
MERGED from [androidx.documentfile:documentfile:1.0.0] AndroidManifest.xml:17:1-22:12
MERGED from [androidx.print:print:1.0.0] AndroidManifest.xml:17:1-22:12
MERGED from [androidx.sqlite:sqlite:2.3.0] AndroidManifest.xml:17:1-22:12
MERGED from [androidx.cardview:cardview:1.0.0] AndroidManifest.xml:17:1-22:12
MERGED from [androidx.annotation:annotation-experimental:1.4.0] AndroidManifest.xml:2:1-7:12
MERGED from [io.agora.rtc:iris-rtc:4.5.1-build.1] AndroidManifest.xml:2:1-11:12
MERGED from [io.agora.rtc:full-sdk:4.5.1] AndroidManifest.xml:2:1-11:12
MERGED from [io.agora.rtc:full-screen-sharing:4.5.1] AndroidManifest.xml:2:1-21:12
MERGED from [io.agora.rtm:rtm-sdk:1.5.3] AndroidManifest.xml:2:1-11:12
MERGED from [io.agora.rtc:full-rtc-basic:4.5.1] AndroidManifest.xml:2:1-11:12
MERGED from [io.agora.rtc:ains:4.5.1] AndroidManifest.xml:2:1-11:12
MERGED from [io.agora.rtc:ains-ll:4.5.1] AndroidManifest.xml:2:1-11:12
MERGED from [io.agora.rtc:audio-beauty:4.5.1] AndroidManifest.xml:2:1-11:12
MERGED from [io.agora.rtc:clear-vision:4.5.1] AndroidManifest.xml:2:1-11:12
MERGED from [io.agora.rtc:full-content-inspect:4.5.1] AndroidManifest.xml:2:1-11:12
MERGED from [io.agora.rtc:screen-capture:4.5.1] AndroidManifest.xml:2:1-11:12
MERGED from [io.agora.rtc:full-virtual-background:4.5.1] AndroidManifest.xml:2:1-11:12
MERGED from [io.agora.rtc:spatial-audio:4.5.1] AndroidManifest.xml:2:1-11:12
MERGED from [io.agora.rtc:aiaec:4.5.1] AndroidManifest.xml:2:1-11:12
MERGED from [io.agora.rtc:aiaec-ll:4.5.1] AndroidManifest.xml:2:1-11:12
MERGED from [io.agora.rtc:full-vqa:4.5.1] AndroidManifest.xml:2:1-11:12
MERGED from [io.agora.rtc:full-face-detect:4.5.1] AndroidManifest.xml:2:1-11:12
MERGED from [io.agora.rtc:full-face-capture:4.5.1] AndroidManifest.xml:2:1-11:12
MERGED from [io.agora.rtc:full-voice-drive:4.5.1] AndroidManifest.xml:2:1-11:12
MERGED from [io.agora.rtc:full-video-codec-enc:4.5.1] AndroidManifest.xml:2:1-11:12
MERGED from [io.agora.rtc:full-video-codec-dec:4.5.1] AndroidManifest.xml:2:1-11:12
MERGED from [io.agora.rtc:full-video-av1-codec-enc:4.5.1] AndroidManifest.xml:2:1-11:12
MERGED from [io.agora.rtc:full-video-av1-codec-dec:4.5.1] AndroidManifest.xml:2:1-11:12
MERGED from [io.agora.infra:aosl:1.2.13] AndroidManifest.xml:2:1-11:12
MERGED from [com.google.android.play:core-common:2.0.3] AndroidManifest.xml:2:1-21:12
MERGED from [com.google.android.instantapps:instantapps:1.1.0] AndroidManifest.xml:2:1-15:12
	package
		INJECTED from src\main\AndroidManifest.xml
	android:versionName
		INJECTED from src\main\AndroidManifest.xml
	android:versionCode
		INJECTED from src\main\AndroidManifest.xml
	xmlns:android
		ADDED from src\main\AndroidManifest.xml:1:11-69
uses-permission#android.permission.INTERNET
ADDED from src\main\AndroidManifest.xml:4:5-67
MERGED from [:agora_rtc_engine] AndroidManifest.xml:8:5-67
MERGED from [:agora_rtc_engine] AndroidManifest.xml:8:5-67
MERGED from [:agora_rtm] AndroidManifest.xml:7:5-67
MERGED from [:agora_rtm] AndroidManifest.xml:7:5-67
MERGED from [:google_sign_in_android] AndroidManifest.xml:7:5-67
MERGED from [:google_sign_in_android] AndroidManifest.xml:7:5-67
MERGED from [com.stripe:financial-connections:20.52.3] AndroidManifest.xml:7:5-67
MERGED from [com.stripe:financial-connections:20.52.3] AndroidManifest.xml:7:5-67
MERGED from [com.google.firebase:firebase-auth:23.2.0] AndroidManifest.xml:25:5-67
MERGED from [com.google.firebase:firebase-auth:23.2.0] AndroidManifest.xml:25:5-67
MERGED from [com.google.android.gms:play-services-measurement-api:22.4.0] AndroidManifest.xml:22:5-67
MERGED from [com.google.android.gms:play-services-measurement-api:22.4.0] AndroidManifest.xml:22:5-67
MERGED from [com.google.firebase:firebase-installations:18.0.0] AndroidManifest.xml:8:5-67
MERGED from [com.google.firebase:firebase-installations:18.0.0] AndroidManifest.xml:8:5-67
MERGED from [com.google.android.gms:play-services-measurement:22.4.0] AndroidManifest.xml:23:5-67
MERGED from [com.google.android.gms:play-services-measurement:22.4.0] AndroidManifest.xml:23:5-67
MERGED from [com.google.android.recaptcha:recaptcha:18.6.1] AndroidManifest.xml:7:5-67
MERGED from [com.google.android.recaptcha:recaptcha:18.6.1] AndroidManifest.xml:7:5-67
MERGED from [com.google.android.gms:play-services-measurement-impl:22.4.0] AndroidManifest.xml:23:5-67
MERGED from [com.google.android.gms:play-services-measurement-impl:22.4.0] AndroidManifest.xml:23:5-67
MERGED from [com.google.android.gms:play-services-maps:18.0.2] AndroidManifest.xml:24:5-67
MERGED from [com.google.android.gms:play-services-maps:18.0.2] AndroidManifest.xml:24:5-67
MERGED from [com.google.android.gms:play-services-measurement-sdk-api:22.4.0] AndroidManifest.xml:23:5-67
MERGED from [com.google.android.gms:play-services-measurement-sdk-api:22.4.0] AndroidManifest.xml:23:5-67
	android:name
		ADDED from src\main\AndroidManifest.xml:4:22-64
uses-permission#android.permission.ACCESS_NETWORK_STATE
ADDED from src\main\AndroidManifest.xml:5:5-78
MERGED from [:agora_rtc_engine] AndroidManifest.xml:14:5-79
MERGED from [:agora_rtc_engine] AndroidManifest.xml:14:5-79
MERGED from [:agora_rtm] AndroidManifest.xml:8:5-79
MERGED from [:agora_rtm] AndroidManifest.xml:8:5-79
MERGED from [androidx.work:work-runtime:2.9.0] AndroidManifest.xml:24:5-79
MERGED from [androidx.work:work-runtime:2.9.0] AndroidManifest.xml:24:5-79
MERGED from [com.google.firebase:firebase-auth:23.2.0] AndroidManifest.xml:26:5-79
MERGED from [com.google.firebase:firebase-auth:23.2.0] AndroidManifest.xml:26:5-79
MERGED from [com.google.android.gms:play-services-measurement-api:22.4.0] AndroidManifest.xml:23:5-79